# JRE version: Java(TM) SE Runtime Environment (8.0_121-b13) (build 1.8.0_121-b13)
# Java VM: Java HotSpot(TM) 64-Bit Server VM (25.121-b13 mixed mode windows-amd64 compressed oops)
Heap:
 PSYoungGen      total 117248K, used 40081K [0x00000000d5f00000, 0x00000000ddd00000, 0x0000000100000000)
  eden space 111104K, 30% used [0x00000000d5f00000,0x00000000d80298b0,0x00000000dcb80000)
  from space 6144K, 99% used [0x00000000dd700000,0x00000000ddcfab88,0x00000000ddd00000)
  to   space 8704K, 0% used [0x00000000dcc00000,0x00000000dcc00000,0x00000000dd480000)
 ParOldGen       total 82944K, used 18636K [0x0000000081c00000, 0x0000000086d00000, 0x00000000d5f00000)
  object space 82944K, 22% used [0x0000000081c00000,0x0000000082e33148,0x0000000086d00000)
 Metaspace       used 39725K, capacity 40540K, committed 40576K, reserved 1083392K
  class space    used 6280K, capacity 6496K, committed 6528K, reserved 1048576K
GC Heap History (10 events):
Event: 3.424 GC heap before
{Heap before GC invocations=6 (full 1):
 PSYoungGen      total 71680K, used 66559K [0x00000000d5f00000, 0x00000000daa00000, 0x0000000100000000)
  eden space 66560K, 99% used [0x00000000d5f00000,0x00000000d9ffff70,0x00000000da000000)
  from space 5120K, 0% used [0x00000000da500000,0x00000000da500000,0x00000000daa00000)
  to   space 5120K, 0% used [0x00000000da000000,0x00000000da000000,0x00000000da500000)
 ParOldGen       total 51200K, used 6067K [0x0000000081c00000, 0x0000000084e00000, 0x00000000d5f00000)
  object space 51200K, 11% used [0x0000000081c00000,0x00000000821eccd8,0x0000000084e00000)
 Metaspace       used 24140K, capacity 24860K, committed 25088K, reserved 1071104K
  class space    used 3820K, capacity 4026K, committed 4096K, reserved 1048576K
Event: 3.433 GC heap after
Heap after GC invocations=6 (full 1):
 PSYoungGen      total 71680K, used 4886K [0x00000000d5f00000, 0x00000000ddf80000, 0x0000000100000000)
  eden space 66560K, 0% used [0x00000000d5f00000,0x00000000d5f00000,0x00000000da000000)
  from space 5120K, 95% used [0x00000000da000000,0x00000000da4c5b68,0x00000000da500000)
  to   space 8704K, 0% used [0x00000000dd700000,0x00000000dd700000,0x00000000ddf80000)
 ParOldGen       total 51200K, used 6067K [0x0000000081c00000, 0x0000000084e00000, 0x00000000d5f00000)
  object space 51200K, 11% used [0x0000000081c00000,0x00000000821eccd8,0x0000000084e00000)
 Metaspace       used 24140K, capacity 24860K, committed 25088K, reserved 1071104K
  class space    used 3820K, capacity 4026K, committed 4096K, reserved 1048576K
}
Event: 4.050 GC heap before
{Heap before GC invocations=7 (full 1):
 PSYoungGen      total 71680K, used 71446K [0x00000000d5f00000, 0x00000000ddf80000, 0x0000000100000000)
  eden space 66560K, 100% used [0x00000000d5f00000,0x00000000da000000,0x00000000da000000)
  from space 5120K, 95% used [0x00000000da000000,0x00000000da4c5b68,0x00000000da500000)
  to   space 8704K, 0% used [0x00000000dd700000,0x00000000dd700000,0x00000000ddf80000)
 ParOldGen       total 51200K, used 6067K [0x0000000081c00000, 0x0000000084e00000, 0x00000000d5f00000)
  object space 51200K, 11% used [0x0000000081c00000,0x00000000821eccd8,0x0000000084e00000)
 Metaspace       used 27441K, capacity 28226K, committed 28544K, reserved 1073152K
  class space    used 4412K, capacity 4636K, committed 4736K, reserved 1048576K
Event: 4.056 GC heap after
Heap after GC invocations=7 (full 1):
 PSYoungGen      total 117248K, used 6120K [0x00000000d5f00000, 0x00000000ddd00000, 0x0000000100000000)
  eden space 111104K, 0% used [0x00000000d5f00000,0x00000000d5f00000,0x00000000dcb80000)
  from space 6144K, 99% used [0x00000000dd700000,0x00000000ddcfa380,0x00000000ddd00000)
  to   space 8704K, 0% used [0x00000000dcc00000,0x00000000dcc00000,0x00000000dd480000)
 ParOldGen       total 51200K, used 6075K [0x0000000081c00000, 0x0000000084e00000, 0x00000000d5f00000)
  object space 51200K, 11% used [0x0000000081c00000,0x00000000821eecd8,0x0000000084e00000)
 Metaspace       used 27441K, capacity 28226K, committed 28544K, reserved 1073152K
  class space    used 4412K, capacity 4636K, committed 4736K, reserved 1048576K
}
Event: 5.098 GC heap before
{Heap before GC invocations=8 (full 1):
 PSYoungGen      total 117248K, used 77306K [0x00000000d5f00000, 0x00000000ddd00000, 0x0000000100000000)
  eden space 111104K, 64% used [0x00000000d5f00000,0x00000000da484788,0x00000000dcb80000)
  from space 6144K, 99% used [0x00000000dd700000,0x00000000ddcfa380,0x00000000ddd00000)
  to   space 8704K, 0% used [0x00000000dcc00000,0x00000000dcc00000,0x00000000dd480000)
 ParOldGen       total 51200K, used 6075K [0x0000000081c00000, 0x0000000084e00000, 0x00000000d5f00000)
  object space 51200K, 11% used [0x0000000081c00000,0x00000000821eecd8,0x0000000084e00000)
 Metaspace       used 34568K, capacity 35272K, committed 35416K, reserved 1079296K
  class space    used 5608K, capacity 5789K, committed 5888K, reserved 1048576K
Event: 5.111 GC heap after
Heap after GC invocations=8 (full 1):
 PSYoungGen      total 119808K, used 8689K [0x00000000d5f00000, 0x00000000ddd00000, 0x0000000100000000)
  eden space 111104K, 0% used [0x00000000d5f00000,0x00000000d5f00000,0x00000000dcb80000)
  from space 8704K, 99% used [0x00000000dcc00000,0x00000000dd47c5e0,0x00000000dd480000)
  to   space 6144K, 0% used [0x00000000dd700000,0x00000000dd700000,0x00000000ddd00000)
 ParOldGen       total 51200K, used 9622K [0x0000000081c00000, 0x0000000084e00000, 0x00000000d5f00000)
  object space 51200K, 18% used [0x0000000081c00000,0x0000000082565b10,0x0000000084e00000)
 Metaspace       used 34568K, capacity 35272K, committed 35416K, reserved 1079296K
  class space    used 5608K, capacity 5789K, committed 5888K, reserved 1048576K
}
Event: 5.111 GC heap before
{Heap before GC invocations=9 (full 2):
 PSYoungGen      total 119808K, used 8689K [0x00000000d5f00000, 0x00000000ddd00000, 0x0000000100000000)
  eden space 111104K, 0% used [0x00000000d5f00000,0x00000000d5f00000,0x00000000dcb80000)
  from space 8704K, 99% used [0x00000000dcc00000,0x00000000dd47c5e0,0x00000000dd480000)
  to   space 6144K, 0% used [0x00000000dd700000,0x00000000dd700000,0x00000000ddd00000)
 ParOldGen       total 51200K, used 9622K [0x0000000081c00000, 0x0000000084e00000, 0x00000000d5f00000)
  object space 51200K, 18% used [0x0000000081c00000,0x0000000082565b10,0x0000000084e00000)
 Metaspace       used 34568K, capacity 35272K, committed 35416K, reserved 1079296K
  class space    used 5608K, capacity 5789K, committed 5888K, reserved 1048576K
Event: 5.196 GC heap after
Heap after GC invocations=9 (full 2):
 PSYoungGen      total 119808K, used 0K [0x00000000d5f00000, 0x00000000ddd00000, 0x0000000100000000)
  eden space 111104K, 0% used [0x00000000d5f00000,0x00000000d5f00000,0x00000000dcb80000)
  from space 8704K, 0% used [0x00000000dcc00000,0x00000000dcc00000,0x00000000dd480000)
  to   space 6144K, 0% used [0x00000000dd700000,0x00000000dd700000,0x00000000ddd00000)
 ParOldGen       total 82944K, used 17402K [0x0000000081c00000, 0x0000000086d00000, 0x00000000d5f00000)
  object space 82944K, 20% used [0x0000000081c00000,0x0000000082cfe9b0,0x0000000086d00000)
 Metaspace       used 34568K, capacity 35272K, committed 35416K, reserved 1079296K
  class space    used 5608K, capacity 5789K, committed 5888K, reserved 1048576K
}
Event: 25.375 GC heap before
{Heap before GC invocations=10 (full 2):
 PSYoungGen      total 119808K, used 111104K [0x00000000d5f00000, 0x00000000ddd00000, 0x0000000100000000)
  eden space 111104K, 100% used [0x00000000d5f00000,0x00000000dcb80000,0x00000000dcb80000)
  from space 8704K, 0% used [0x00000000dcc00000,0x00000000dcc00000,0x00000000dd480000)
  to   space 6144K, 0% used [0x00000000dd700000,0x00000000dd700000,0x00000000ddd00000)
 ParOldGen       total 82944K, used 17402K [0x0000000081c00000, 0x0000000086d00000, 0x00000000d5f00000)
  object space 82944K, 20% used [0x0000000081c00000,0x0000000082cfe9b0,0x0000000086d00000)
 Metaspace       used 39519K, capacity 40280K, committed 40320K, reserved 1083392K
  class space    used 6263K, capacity 6496K, committed 6528K, reserved 1048576K
Event: 25.382 GC heap after
Heap after GC invocations=10 (full 2):
 PSYoungGen      total 117248K, used 6122K [0x00000000d5f00000, 0x00000000ddd00000, 0x0000000100000000)
  eden space 111104K, 0% used [0x00000000d5f00000,0x00000000d5f00000,0x00000000dcb80000)
  from space 6144K, 99% used [0x00000000dd700000,0x00000000ddcfab88,0x00000000ddd00000)
  to   space 8704K, 0% used [0x00000000dcc00000,0x00000000dcc00000,0x00000000dd480000)
 ParOldGen       total 82944K, used 18636K [0x0000000081c00000, 0x0000000086d00000, 0x00000000d5f00000)
  object space 82944K, 22% used [0x0000000081c00000,0x0000000082e33148,0x0000000086d00000)
 Metaspace       used 39519K, capacity 40280K, committed 40320K, reserved 1083392K
  class space    used 6263K, capacity 6496K, committed 6528K, reserved 1048576K
}

